

Started GET "/" for 127.0.0.1 at Tue Sep 21 19:56:47 +0530 2010
  Processing by HomeController#index as HTML
Rendered home/index.html.erb within layouts/application (5.1ms)
Completed 200 OK in 31ms (Views: 30.1ms | ActiveRecord: 0.0ms)


Started GET "/resumes" for 127.0.0.1 at Tue Sep 21 19:56:55 +0530 2010
  Processing by ResumesController#index as HTML
  [1m[36mSQL (0.3ms)[0m  [1m SELECT name
 FROM sqlite_master
 WHERE type = 'table' AND NOT name = 'sqlite_sequence'
[0m
  [1m[35mResume Load (0.2ms)[0m  SELECT "resumes".* FROM "resumes"
SQLite3::SQLException: no such table: resumes: SELECT     "resumes".* FROM       "resumes"
Completed   in 75ms

ActiveRecord::StatementInvalid (SQLite3::SQLException: no such table: resumes: SELECT     "resumes".* FROM       "resumes"):
  app/controllers/resumes_controller.rb:5:in `index'

Rendered /usr/local/lib/ruby/gems/1.8/gems/actionpack-3.0.0/lib/action_dispatch/middleware/templates/rescues/_trace.erb (2.9ms)
Rendered /usr/local/lib/ruby/gems/1.8/gems/actionpack-3.0.0/lib/action_dispatch/middleware/templates/rescues/_request_and_response.erb (12.7ms)
Rendered /usr/local/lib/ruby/gems/1.8/gems/actionpack-3.0.0/lib/action_dispatch/middleware/templates/rescues/diagnostics.erb within rescues/layout (23.8ms)
  [1m[36mSQL (0.3ms)[0m  [1m SELECT name
 FROM sqlite_master
 WHERE type = 'table' AND NOT name = 'sqlite_sequence'
[0m
  [1m[35mSQL (0.2ms)[0m  select sqlite_version(*)
  [1m[36mSQL (2.6ms)[0m  [1mCREATE TABLE "schema_migrations" ("version" varchar(255) NOT NULL) [0m
  [1m[35mSQL (0.1ms)[0m  PRAGMA index_list("schema_migrations")
  [1m[36mSQL (1.3ms)[0m  [1mCREATE UNIQUE INDEX "unique_schema_migrations" ON "schema_migrations" ("version")[0m
  [1m[35mSQL (0.2ms)[0m   SELECT name
 FROM sqlite_master
 WHERE type = 'table' AND NOT name = 'sqlite_sequence'
  [1m[36mSQL (0.2ms)[0m  [1m SELECT name
 FROM sqlite_master
 WHERE type = 'table' AND NOT name = 'sqlite_sequence'
[0m
  [1m[35mSQL (0.1ms)[0m  SELECT "schema_migrations"."version" FROM "schema_migrations"
Migrating to CreateResumes (20100912043212)
  [1m[36mSQL (0.5ms)[0m  [1mCREATE TABLE "resumes" ("id" INTEGER PRIMARY KEY AUTOINCREMENT NOT NULL, "content" text, "created_at" datetime, "updated_at" datetime) [0m
  [1m[35mSQL (0.2ms)[0m  INSERT INTO "schema_migrations" ("version") VALUES ('20100912043212')
  [1m[36mSQL (0.3ms)[0m  [1m SELECT name
 FROM sqlite_master
 WHERE type = 'table' AND NOT name = 'sqlite_sequence'
[0m
  [1m[35mSQL (0.2ms)[0m  SELECT "schema_migrations"."version" FROM "schema_migrations"
  [1m[36mSQL (0.8ms)[0m  [1m SELECT name
 FROM sqlite_master
 WHERE type = 'table' AND NOT name = 'sqlite_sequence'
[0m
  [1m[35mSQL (0.1ms)[0m  PRAGMA index_list("resumes")


Started GET "/resumes" for 127.0.0.1 at Tue Sep 21 20:00:06 +0530 2010
  Processing by ResumesController#index as HTML
  [1m[36mSQL (0.5ms)[0m  [1m SELECT name
 FROM sqlite_master
 WHERE type = 'table' AND NOT name = 'sqlite_sequence'
[0m
  [1m[35mResume Load (0.1ms)[0m  SELECT "resumes".* FROM "resumes"
Rendered resumes/index.html.erb within layouts/application (5.8ms)
Completed 200 OK in 96ms (Views: 38.5ms | ActiveRecord: 0.6ms)


Started GET "/resumes/new" for 127.0.0.1 at Tue Sep 21 20:00:09 +0530 2010
  Processing by ResumesController#new as HTML
Rendered resumes/_form.html.erb (56.7ms)
Rendered resumes/new.html.erb within layouts/application (64.8ms)
Completed 200 OK in 98ms (Views: 88.4ms | ActiveRecord: 0.0ms)


Started POST "/resumes" for 127.0.0.1 at Tue Sep 21 20:03:31 +0530 2010
  Processing by ResumesController#create as HTML
  Parameters: {"commit"=>"Create Resume", "authenticity_token"=>"lFdj5dhoJ5LcUdSCt2BovxdZUwnynkQ3/iJeek1S7WE=", "utf8"=>"✓", "resume"=>{"content"=>"                                                                     \r\n                                                                     \r\n                                                                     \r\n                                             \r\numa_aarthi16@yahoo.com\r\n\r\n## Profile\r\n\r\n## Technical knowledge\r\nsource control: svn, clearcase\r\nlanguages: \r\nC++  : advanced (including boost libraries), \r\nC \t : moderate \r\nJava :  \r\nHTML, CSS, XML, XSD, Applets : moderate\r\n\r\n## experience-summary\r\nSoftware Engineer at HP STSD (product software) - 3 years\r\n\r\n## Experience details\r\n\r\n### database internals of sqlmx \r\nabout : sqlmx in short...\r\ncomponents worked on -\r\n\r\n__backup-restore__ \r\nabout: generic agent to backup - its a library to backup MX objects - C++\r\nmy work: Re-write of the filter feature of backup-restore, feature for symantic checks for the backup and restore objects.\r\n\r\n__Report writer__\r\nabout: used for formatting and display of output of a select query\r\nmy work: developer test suite for the product, other bug-fixes and enhancements\r\n\r\n__UDR__\r\nabout: stored procedure … the process that handles the stored procedures in java. Used JNI\r\nmy work: gave successful demo of HPJmeter to VISA so they start using SPJs ... so they could debug their SPJs with HPJmeter\r\n\r\n__Preprocessor__\r\nabout: like language preprocessor - preprocess sql code - in embedded sql programs\r\nmy work: Bug-fixes\r\n\r\n__NSMweb__\r\nabout: web interface to database - admin tool to maintain database and connectivity objects … server side in C/C++ .. uses HTML/CSS/applet on client side\r\nmy work: kept upgrading the Applet based NSMWeb to match the latest Java releases, re-wrote the makefile(gmake), making NSMweb compliant with latest browsers\r\n\r\n### NS-JSP\r\nabout: tomcat's adoption for Non-stop\r\nmy work: wrote test scripts and install scripts, documentation reviews\r\n\r\n\r\n\r\n## Achievements and awards\r\n- recognition from HP for enabling a $6million deal with Port of Singapore Authority\r\n- recognition from HP for the HPJ-meter demo to Visa\r\n- gold medallist at Anna University - for being the overall 4th rank holder\r\n"}}
  [1m[36mSQL (1.1ms)[0m  [1mINSERT INTO "resumes" ("content", "created_at", "updated_at") VALUES (' 
 
 
 
uma_aarthi16@yahoo.com

## Profile

## Technical knowledge
source control: svn, clearcase
languages: 
C++ : advanced (including boost libraries), 
C 	 : moderate 
Java : 
HTML, CSS, XML, XSD, Applets : moderate

## experience-summary
Software Engineer at HP STSD (product software) - 3 years

## Experience details

### database internals of sqlmx 
about : sqlmx in short...
components worked on -

__backup-restore__ 
about: generic agent to backup - its a library to backup MX objects - C++
my work: Re-write of the filter feature of backup-restore, feature for symantic checks for the backup and restore objects.

__Report writer__
about: used for formatting and display of output of a select query
my work: developer test suite for the product, other bug-fixes and enhancements

__UDR__
about: stored procedure … the process that handles the stored procedures in java. Used JNI
my work: gave successful demo of HPJmeter to VISA so they start using SPJs ... so they could debug their SPJs with HPJmeter

__Preprocessor__
about: like language preprocessor - preprocess sql code - in embedded sql programs
my work: Bug-fixes

__NSMweb__
about: web interface to database - admin tool to maintain database and connectivity objects … server side in C/C++ .. uses HTML/CSS/applet on client side
my work: kept upgrading the Applet based NSMWeb to match the latest Java releases, re-wrote the makefile(gmake), making NSMweb compliant with latest browsers

### NS-JSP
about: tomcat''s adoption for Non-stop
my work: wrote test scripts and install scripts, documentation reviews



## Achievements and awards
- recognition from HP for enabling a $6million deal with Port of Singapore Authority
- recognition from HP for the HPJ-meter demo to Visa
- gold medallist at Anna University - for being the overall 4th rank holder
', '2010-09-21 14:33:31.089206', '2010-09-21 14:33:31.089206')[0m
Redirected to http://localhost:3000/resumes/1
Completed 302 Found in 78ms


Started GET "/resumes/1" for 127.0.0.1 at Tue Sep 21 20:03:32 +0530 2010
  Processing by ResumesController#show as HTML
  Parameters: {"id"=>"1"}
  [1m[35mResume Load (0.3ms)[0m  SELECT "resumes".* FROM "resumes" WHERE ("resumes"."id" = 1) LIMIT 1
Rendered resumes/show.html.erb within layouts/application (31.6ms)
Completed 200 OK in 66ms (Views: 51.3ms | ActiveRecord: 1.3ms)


Started GET "/resumes/1/html" for 127.0.0.1 at Tue Sep 21 20:03:36 +0530 2010
  Processing by ResumesController#html as HTML
  Parameters: {"id"=>"1"}
  [1m[36mResume Load (0.2ms)[0m  [1mSELECT "resumes".* FROM "resumes" WHERE ("resumes"."id" = 1) LIMIT 1[0m
Rendered resumes/html.html.erb within layouts/application (6.4ms)
Completed 200 OK in 717ms (Views: 45.2ms | ActiveRecord: 0.2ms)
DEPRECATION WARNING: RAILS_ROOT is deprecated. Please use ::Rails.root.to_s. (called from output_value at /usr/local/lib/ruby/1.8/irb.rb:302)


Started GET "/resumes/1" for 127.0.0.1 at Tue Sep 21 20:31:20 +0530 2010
  Processing by ResumesController#show as HTML
  Parameters: {"id"=>"1"}
  [1m[36mSQL (0.5ms)[0m  [1m SELECT name
 FROM sqlite_master
 WHERE type = 'table' AND NOT name = 'sqlite_sequence'
[0m
  [1m[35mResume Load (0.3ms)[0m  SELECT "resumes".* FROM "resumes" WHERE ("resumes"."id" = 1) LIMIT 1
Rendered resumes/show.html.erb within layouts/application (14.9ms)
Completed 200 OK in 132ms (Views: 36.8ms | ActiveRecord: 0.8ms)


Started GET "/resumes/1/pdf" for 127.0.0.1 at Tue Sep 21 20:32:05 +0530 2010
  Processing by ResumesController#pdf as HTML
  Parameters: {"id"=>"1"}
  [1m[36mResume Load (0.3ms)[0m  [1mSELECT "resumes".* FROM "resumes" WHERE ("resumes"."id" = 1) LIMIT 1[0m
DEPRECATION WARNING: RAILS_ROOT is deprecated. Please use ::Rails.root.to_s. (called from pdf at /Users/abhishek/xc/rc3/rc/app/controllers/resumes_controller.rb:98)
Sent file #<File:0x104228378> (0.5ms)
Completed   in 4330ms

IOError (closed stream):
  app/controllers/resumes_controller.rb:99:in `pdf'

Rendered /usr/local/lib/ruby/gems/1.8/gems/actionpack-3.0.0/lib/action_dispatch/middleware/templates/rescues/_trace.erb (2.6ms)
Rendered /usr/local/lib/ruby/gems/1.8/gems/actionpack-3.0.0/lib/action_dispatch/middleware/templates/rescues/_request_and_response.erb (15.4ms)
Rendered /usr/local/lib/ruby/gems/1.8/gems/actionpack-3.0.0/lib/action_dispatch/middleware/templates/rescues/diagnostics.erb within rescues/layout (26.8ms)


Started GET "/resumes/1/pdf" for 127.0.0.1 at Tue Sep 21 20:36:16 +0530 2010
  Processing by ResumesController#pdf as HTML
  Parameters: {"id"=>"1"}
  [1m[35mResume Load (9.3ms)[0m  SELECT "resumes".* FROM "resumes" WHERE ("resumes"."id" = 1) LIMIT 1
Sent file #<File:0x103f59728> (0.5ms)
Completed   in 3971ms

IOError (closed stream):
  app/controllers/resumes_controller.rb:99:in `pdf'

Rendered /usr/local/lib/ruby/gems/1.8/gems/actionpack-3.0.0/lib/action_dispatch/middleware/templates/rescues/_trace.erb (2.7ms)
Rendered /usr/local/lib/ruby/gems/1.8/gems/actionpack-3.0.0/lib/action_dispatch/middleware/templates/rescues/_request_and_response.erb (27.1ms)
Rendered /usr/local/lib/ruby/gems/1.8/gems/actionpack-3.0.0/lib/action_dispatch/middleware/templates/rescues/diagnostics.erb within rescues/layout (109.2ms)


Started GET "/resumes/1/pdf" for 127.0.0.1 at Tue Sep 21 20:37:05 +0530 2010
  Processing by ResumesController#pdf as HTML
  Parameters: {"id"=>"1"}
  [1m[36mResume Load (0.3ms)[0m  [1mSELECT "resumes".* FROM "resumes" WHERE ("resumes"."id" = 1) LIMIT 1[0m
Sent file #<File:0x10441c198> (2.3ms)
Completed   in 3195ms

IOError (closed stream):
  app/controllers/resumes_controller.rb:99:in `pdf'

Rendered /usr/local/lib/ruby/gems/1.8/gems/actionpack-3.0.0/lib/action_dispatch/middleware/templates/rescues/_trace.erb (2.5ms)
Rendered /usr/local/lib/ruby/gems/1.8/gems/actionpack-3.0.0/lib/action_dispatch/middleware/templates/rescues/_request_and_response.erb (16.0ms)
Rendered /usr/local/lib/ruby/gems/1.8/gems/actionpack-3.0.0/lib/action_dispatch/middleware/templates/rescues/diagnostics.erb within rescues/layout (26.2ms)


Started GET "/resumes/1/pdf" for 127.0.0.1 at Tue Sep 21 20:38:22 +0530 2010
  Processing by ResumesController#pdf as HTML
  Parameters: {"id"=>"1"}
  [1m[35mResume Load (0.3ms)[0m  SELECT "resumes".* FROM "resumes" WHERE ("resumes"."id" = 1) LIMIT 1
Sent file /Users/abhishek/xc/rc3/rc/tmp/1.pdf (1.5ms)
Completed 200 OK in 3438ms


Started GET "/resumes/1/pdf" for 127.0.0.1 at Tue Sep 21 20:39:32 +0530 2010
  Processing by ResumesController#pdf as HTML
  Parameters: {"id"=>"1"}
  [1m[36mSQL (0.6ms)[0m  [1m SELECT name
 FROM sqlite_master
 WHERE type = 'table' AND NOT name = 'sqlite_sequence'
[0m
  [1m[35mResume Load (4.6ms)[0m  SELECT "resumes".* FROM "resumes" WHERE ("resumes"."id" = 1) LIMIT 1
DEPRECATION WARNING: RAILS_ROOT is deprecated. Please use ::Rails.root.to_s. (called from pdf at /Users/abhishek/xc/rc3/rc/app/controllers/resumes_controller.rb:99)
Sent file /Users/abhishek/xc/rc3/rc/tmp/1.pdf (0.5ms)
Completed 200 OK in 2360ms


Started GET "/resumes/1/pdf" for 127.0.0.1 at Tue Sep 21 20:40:01 +0530 2010
  Processing by ResumesController#pdf as HTML
  Parameters: {"id"=>"1"}
  [1m[36mResume Load (0.3ms)[0m  [1mSELECT "resumes".* FROM "resumes" WHERE ("resumes"."id" = 1) LIMIT 1[0m
Sent file /Users/abhishek/xc/rc3/rc/tmp/1.pdf (0.5ms)
Completed 200 OK in 1614ms


Started GET "/resumes/1/pdf" for 127.0.0.1 at Tue Sep 21 20:40:53 +0530 2010

SyntaxError (/Users/abhishek/xc/rc3/rc/app/controllers/resumes_controller.rb:101: syntax error, unexpected ':', expecting kEND
    send_file file_path  :type => 'pdf', :disposition => 'inline'
                          ^
/Users/abhishek/xc/rc3/rc/app/controllers/resumes_controller.rb:101: syntax error, unexpected ',', expecting kEND
    send_file file_path  :type => 'pdf', :disposition => 'inline'
                                        ^):
  

Rendered /usr/local/lib/ruby/gems/1.8/gems/actionpack-3.0.0/lib/action_dispatch/middleware/templates/rescues/_trace.erb (2.2ms)
Rendered /usr/local/lib/ruby/gems/1.8/gems/actionpack-3.0.0/lib/action_dispatch/middleware/templates/rescues/_request_and_response.erb (6.1ms)
Rendered /usr/local/lib/ruby/gems/1.8/gems/actionpack-3.0.0/lib/action_dispatch/middleware/templates/rescues/diagnostics.erb within rescues/layout (16.1ms)


Started GET "/resumes/1/pdf" for 127.0.0.1 at Tue Sep 21 20:41:05 +0530 2010
  Processing by ResumesController#pdf as HTML
  Parameters: {"id"=>"1"}
  [1m[36mSQL (0.5ms)[0m  [1m SELECT name
 FROM sqlite_master
 WHERE type = 'table' AND NOT name = 'sqlite_sequence'
[0m
  [1m[35mResume Load (0.2ms)[0m  SELECT "resumes".* FROM "resumes" WHERE ("resumes"."id" = 1) LIMIT 1
DEPRECATION WARNING: RAILS_ROOT is deprecated. Please use ::Rails.root.to_s. (called from pdf at /Users/abhishek/xc/rc3/rc/app/controllers/resumes_controller.rb:99)
Sent file /Users/abhishek/xc/rc3/rc/tmp/1.pdf (0.4ms)
Completed 200 OK in 3151ms
